{"C:\\Users\\breno\\Desktop\\Projects\\rentx-web\\src\\globalStyles.ts": {"path":"C:\\Users\\breno\\Desktop\\Projects\\rentx-web\\src\\globalStyles.ts","all":false,"statementMap":{"0":{"start":{"line":1,"column":0},"end":{"line":1,"column":54}},"1":{"start":{"line":2,"column":0},"end":{"line":2,"column":0}},"2":{"start":{"line":3,"column":0},"end":{"line":3,"column":22}},"3":{"start":{"line":4,"column":0},"end":{"line":4,"column":13}},"4":{"start":{"line":5,"column":0},"end":{"line":5,"column":25}},"5":{"start":{"line":6,"column":0},"end":{"line":6,"column":23}},"6":{"start":{"line":7,"column":0},"end":{"line":7,"column":25}},"7":{"start":{"line":8,"column":0},"end":{"line":8,"column":25}},"8":{"start":{"line":9,"column":0},"end":{"line":9,"column":24}},"9":{"start":{"line":10,"column":0},"end":{"line":10,"column":29}},"10":{"start":{"line":11,"column":0},"end":{"line":11,"column":34}},"11":{"start":{"line":12,"column":0},"end":{"line":12,"column":30}},"12":{"start":{"line":13,"column":0},"end":{"line":13,"column":32}},"13":{"start":{"line":14,"column":0},"end":{"line":14,"column":29}},"14":{"start":{"line":15,"column":0},"end":{"line":15,"column":30}},"15":{"start":{"line":16,"column":0},"end":{"line":16,"column":5}},"16":{"start":{"line":17,"column":0},"end":{"line":17,"column":1}},"17":{"start":{"line":18,"column":0},"end":{"line":18,"column":0}},"18":{"start":{"line":19,"column":0},"end":{"line":19,"column":38}},"19":{"start":{"line":20,"column":0},"end":{"line":20,"column":7}},"20":{"start":{"line":21,"column":0},"end":{"line":21,"column":18}},"21":{"start":{"line":22,"column":0},"end":{"line":22,"column":19}},"22":{"start":{"line":23,"column":0},"end":{"line":23,"column":31}},"23":{"start":{"line":24,"column":0},"end":{"line":24,"column":5}},"24":{"start":{"line":25,"column":0},"end":{"line":25,"column":0}},"25":{"start":{"line":26,"column":0},"end":{"line":26,"column":10}},"26":{"start":{"line":27,"column":0},"end":{"line":27,"column":21}},"27":{"start":{"line":28,"column":0},"end":{"line":28,"column":26}},"28":{"start":{"line":29,"column":0},"end":{"line":29,"column":27}},"29":{"start":{"line":30,"column":0},"end":{"line":30,"column":46}},"30":{"start":{"line":31,"column":0},"end":{"line":31,"column":5}},"31":{"start":{"line":32,"column":0},"end":{"line":32,"column":4}},"32":{"start":{"line":33,"column":0},"end":{"line":33,"column":11}},"33":{"start":{"line":34,"column":0},"end":{"line":34,"column":29}},"34":{"start":{"line":35,"column":0},"end":{"line":35,"column":5}},"35":{"start":{"line":36,"column":0},"end":{"line":36,"column":2}},"36":{"start":{"line":37,"column":0},"end":{"line":37,"column":0}},"37":{"start":{"line":38,"column":0},"end":{"line":38,"column":27}}},"s":{"0":4,"1":4,"2":4,"3":4,"4":4,"5":4,"6":8,"7":8,"8":8,"9":4,"10":4,"11":4,"12":4,"13":4,"14":4,"15":4,"16":4,"17":4,"18":4,"19":4,"20":4,"21":4,"22":4,"23":4,"24":4,"25":4,"26":4,"27":4,"28":4,"29":4,"30":4,"31":4,"32":4,"33":4,"34":4,"35":4,"36":4,"37":4},"branchMap":{"0":{"type":"branch","line":1,"loc":{"start":{"line":1,"column":0},"end":{"line":38,"column":27}},"locations":[{"start":{"line":1,"column":0},"end":{"line":38,"column":27}}]},"1":{"type":"branch","line":1,"loc":{"start":{"line":1,"column":0},"end":{"line":38,"column":27}},"locations":[{"start":{"line":1,"column":0},"end":{"line":38,"column":27}}]},"2":{"type":"branch","line":4,"loc":{"start":{"line":4,"column":-1},"end":{"line":10,"column":4}},"locations":[{"start":{"line":4,"column":-1},"end":{"line":10,"column":4}}]},"3":{"type":"branch","line":6,"loc":{"start":{"line":6,"column":13},"end":{"line":10,"column":2}},"locations":[{"start":{"line":6,"column":13},"end":{"line":10,"column":2}}]},"4":{"type":"branch","line":11,"loc":{"start":{"line":11,"column":4},"end":{"line":11,"column":13}},"locations":[{"start":{"line":11,"column":4},"end":{"line":11,"column":13}}]}},"b":{"0":[4],"1":[4],"2":[4],"3":[8],"4":[24]},"fnMap":{"0":{"name":"Object.<anonymous>","decl":{"start":{"line":1,"column":0},"end":{"line":38,"column":27}},"loc":{"start":{"line":1,"column":0},"end":{"line":38,"column":27}},"line":1},"1":{"name":"_export","decl":{"start":{"line":4,"column":-1},"end":{"line":10,"column":4}},"loc":{"start":{"line":4,"column":-1},"end":{"line":10,"column":4}},"line":4},"2":{"name":"theme","decl":{"start":{"line":11,"column":4},"end":{"line":11,"column":13}},"loc":{"start":{"line":11,"column":4},"end":{"line":11,"column":13}},"line":11},"3":{"name":"default","decl":{"start":{"line":11,"column":28},"end":{"line":12,"column":4}},"loc":{"start":{"line":11,"column":28},"end":{"line":12,"column":4}},"line":11}},"f":{"0":4,"1":4,"2":24,"3":0}}
,"C:\\Users\\breno\\Desktop\\Projects\\rentx-web\\src\\components\\Button\\index.tsx": {"path":"C:\\Users\\breno\\Desktop\\Projects\\rentx-web\\src\\components\\Button\\index.tsx","all":false,"statementMap":{"0":{"start":{"line":1,"column":0},"end":{"line":1,"column":30}},"1":{"start":{"line":2,"column":0},"end":{"line":2,"column":0}},"2":{"start":{"line":3,"column":0},"end":{"line":3,"column":20}},"3":{"start":{"line":4,"column":0},"end":{"line":4,"column":31}},"4":{"start":{"line":5,"column":0},"end":{"line":5,"column":31}},"5":{"start":{"line":6,"column":0},"end":{"line":6,"column":25}},"6":{"start":{"line":7,"column":0},"end":{"line":7,"column":17}},"7":{"start":{"line":8,"column":0},"end":{"line":8,"column":23}},"8":{"start":{"line":9,"column":0},"end":{"line":9,"column":1}},"9":{"start":{"line":10,"column":0},"end":{"line":10,"column":0}},"10":{"start":{"line":11,"column":0},"end":{"line":11,"column":25}},"11":{"start":{"line":12,"column":0},"end":{"line":12,"column":20}},"12":{"start":{"line":13,"column":0},"end":{"line":13,"column":14}},"13":{"start":{"line":14,"column":0},"end":{"line":14,"column":30}},"14":{"start":{"line":15,"column":0},"end":{"line":15,"column":9}},"15":{"start":{"line":16,"column":0},"end":{"line":16,"column":20}},"16":{"start":{"line":17,"column":0},"end":{"line":17,"column":20}},"17":{"start":{"line":18,"column":0},"end":{"line":18,"column":12}},"18":{"start":{"line":19,"column":0},"end":{"line":19,"column":23}},"19":{"start":{"line":20,"column":0},"end":{"line":20,"column":29}},"20":{"start":{"line":21,"column":0},"end":{"line":21,"column":23}},"21":{"start":{"line":22,"column":0},"end":{"line":22,"column":33}},"22":{"start":{"line":23,"column":0},"end":{"line":23,"column":31}},"23":{"start":{"line":24,"column":0},"end":{"line":24,"column":9}},"24":{"start":{"line":25,"column":0},"end":{"line":25,"column":18}},"25":{"start":{"line":26,"column":0},"end":{"line":26,"column":25}},"26":{"start":{"line":27,"column":0},"end":{"line":27,"column":5}},"27":{"start":{"line":28,"column":0},"end":{"line":28,"column":2}}},"s":{"0":1,"1":1,"2":1,"3":1,"4":1,"5":1,"6":1,"7":1,"8":1,"9":1,"10":1,"11":1,"12":1,"13":1,"14":1,"15":0,"16":0,"17":0,"18":0,"19":0,"20":0,"21":0,"22":0,"23":0,"24":0,"25":0,"26":0,"27":0},"branchMap":{"0":{"type":"branch","line":1,"loc":{"start":{"line":1,"column":0},"end":{"line":28,"column":2}},"locations":[{"start":{"line":1,"column":0},"end":{"line":28,"column":2}}]},"1":{"type":"branch","line":1,"loc":{"start":{"line":1,"column":0},"end":{"line":28,"column":2}},"locations":[{"start":{"line":1,"column":0},"end":{"line":28,"column":2}}]},"2":{"type":"branch","line":7,"loc":{"start":{"line":7,"column":6},"end":{"line":7,"column":16}},"locations":[{"start":{"line":7,"column":6},"end":{"line":7,"column":16}}]}},"b":{"0":[1],"1":[1],"2":[5]},"fnMap":{"0":{"name":"Object.<anonymous>","decl":{"start":{"line":1,"column":0},"end":{"line":28,"column":2}},"loc":{"start":{"line":1,"column":0},"end":{"line":28,"column":2}},"line":1},"1":{"name":"get","decl":{"start":{"line":7,"column":6},"end":{"line":7,"column":16}},"loc":{"start":{"line":7,"column":6},"end":{"line":7,"column":16}},"line":7},"2":{"name":"_getRequireWildcardCache","decl":{"start":{"line":15,"column":1},"end":{"line":28,"column":2}},"loc":{"start":{"line":15,"column":1},"end":{"line":28,"column":2}},"line":15}},"f":{"0":1,"1":5,"2":0}}
,"C:\\Users\\breno\\Desktop\\Projects\\rentx-web\\src\\components\\Button\\styles.ts": {"path":"C:\\Users\\breno\\Desktop\\Projects\\rentx-web\\src\\components\\Button\\styles.ts","all":false,"statementMap":{"0":{"start":{"line":1,"column":0},"end":{"line":1,"column":39}},"1":{"start":{"line":2,"column":0},"end":{"line":2,"column":0}},"2":{"start":{"line":3,"column":0},"end":{"line":3,"column":74}},"3":{"start":{"line":4,"column":0},"end":{"line":4,"column":69}},"4":{"start":{"line":5,"column":0},"end":{"line":5,"column":18}},"5":{"start":{"line":6,"column":0},"end":{"line":6,"column":17}},"6":{"start":{"line":7,"column":0},"end":{"line":7,"column":37}},"7":{"start":{"line":8,"column":0},"end":{"line":8,"column":21}},"8":{"start":{"line":9,"column":0},"end":{"line":9,"column":43}},"9":{"start":{"line":10,"column":0},"end":{"line":10,"column":17}},"10":{"start":{"line":11,"column":0},"end":{"line":11,"column":20}},"11":{"start":{"line":12,"column":0},"end":{"line":12,"column":0}},"12":{"start":{"line":13,"column":0},"end":{"line":13,"column":33}},"13":{"start":{"line":14,"column":0},"end":{"line":14,"column":44}},"14":{"start":{"line":15,"column":0},"end":{"line":15,"column":0}},"15":{"start":{"line":16,"column":0},"end":{"line":16,"column":16}},"16":{"start":{"line":17,"column":0},"end":{"line":17,"column":61}},"17":{"start":{"line":18,"column":0},"end":{"line":18,"column":9}},"18":{"start":{"line":19,"column":0},"end":{"line":19,"column":6}},"19":{"start":{"line":20,"column":0},"end":{"line":20,"column":2}}},"s":{"0":1,"1":1,"2":1,"3":1,"4":1,"5":1,"6":1,"7":1,"8":1,"9":1,"10":0,"11":0,"12":1,"13":1,"14":1,"15":1,"16":1,"17":1,"18":1,"19":1},"branchMap":{"0":{"type":"branch","line":1,"loc":{"start":{"line":1,"column":0},"end":{"line":20,"column":2}},"locations":[{"start":{"line":1,"column":0},"end":{"line":20,"column":2}}]},"1":{"type":"branch","line":1,"loc":{"start":{"line":1,"column":0},"end":{"line":20,"column":2}},"locations":[{"start":{"line":1,"column":0},"end":{"line":20,"column":2}}]},"2":{"type":"branch","line":4,"loc":{"start":{"line":4,"column":42},"end":{"line":4,"column":58}},"locations":[{"start":{"line":4,"column":42},"end":{"line":4,"column":58}}]},"3":{"type":"branch","line":8,"loc":{"start":{"line":8,"column":8},"end":{"line":13,"column":8}},"locations":[{"start":{"line":8,"column":8},"end":{"line":13,"column":8}}]},"4":{"type":"branch","line":11,"loc":{"start":{"line":11,"column":-1},"end":{"line":13,"column":5}},"locations":[{"start":{"line":11,"column":-1},"end":{"line":13,"column":5}}]}},"b":{"0":[1],"1":[1],"2":[5],"3":[1],"4":[0]},"fnMap":{"0":{"name":"Object.<anonymous>","decl":{"start":{"line":1,"column":0},"end":{"line":20,"column":2}},"loc":{"start":{"line":1,"column":0},"end":{"line":20,"column":2}},"line":1},"1":{"name":"get","decl":{"start":{"line":4,"column":42},"end":{"line":4,"column":58}},"loc":{"start":{"line":4,"column":42},"end":{"line":4,"column":58}},"line":4},"2":{"name":"_interopRequireDefault","decl":{"start":{"line":8,"column":8},"end":{"line":13,"column":8}},"loc":{"start":{"line":8,"column":8},"end":{"line":13,"column":8}},"line":8}},"f":{"0":1,"1":5,"2":1}}
,"C:\\Users\\breno\\Desktop\\Projects\\rentx-web\\src\\components\\FormInput\\index.tsx": {"path":"C:\\Users\\breno\\Desktop\\Projects\\rentx-web\\src\\components\\FormInput\\index.tsx","all":false,"statementMap":{"0":{"start":{"line":1,"column":0},"end":{"line":1,"column":40}},"1":{"start":{"line":2,"column":0},"end":{"line":2,"column":30}},"2":{"start":{"line":3,"column":0},"end":{"line":3,"column":92}},"3":{"start":{"line":4,"column":0},"end":{"line":4,"column":69}},"4":{"start":{"line":5,"column":0},"end":{"line":5,"column":47}},"5":{"start":{"line":6,"column":0},"end":{"line":6,"column":0}},"6":{"start":{"line":7,"column":0},"end":{"line":7,"column":19}},"7":{"start":{"line":8,"column":0},"end":{"line":8,"column":18}},"8":{"start":{"line":9,"column":0},"end":{"line":9,"column":15}},"9":{"start":{"line":10,"column":0},"end":{"line":10,"column":24}},"10":{"start":{"line":11,"column":0},"end":{"line":11,"column":18}},"11":{"start":{"line":12,"column":0},"end":{"line":12,"column":25}},"12":{"start":{"line":13,"column":0},"end":{"line":13,"column":37}},"13":{"start":{"line":14,"column":0},"end":{"line":14,"column":22}},"14":{"start":{"line":15,"column":0},"end":{"line":15,"column":74}},"15":{"start":{"line":16,"column":0},"end":{"line":16,"column":1}},"16":{"start":{"line":17,"column":0},"end":{"line":17,"column":0}},"17":{"start":{"line":18,"column":0},"end":{"line":18,"column":27}},"18":{"start":{"line":19,"column":0},"end":{"line":19,"column":7}},"19":{"start":{"line":20,"column":0},"end":{"line":20,"column":13}},"20":{"start":{"line":21,"column":0},"end":{"line":21,"column":16}},"21":{"start":{"line":22,"column":0},"end":{"line":22,"column":18}},"22":{"start":{"line":23,"column":0},"end":{"line":23,"column":23}},"23":{"start":{"line":24,"column":0},"end":{"line":24,"column":9}},"24":{"start":{"line":25,"column":0},"end":{"line":25,"column":10}},"25":{"start":{"line":26,"column":0},"end":{"line":26,"column":9}},"26":{"start":{"line":27,"column":0},"end":{"line":27,"column":19}},"27":{"start":{"line":28,"column":0},"end":{"line":28,"column":69}},"28":{"start":{"line":29,"column":0},"end":{"line":29,"column":0}},"29":{"start":{"line":30,"column":0},"end":{"line":30,"column":12}},"30":{"start":{"line":31,"column":0},"end":{"line":31,"column":46}},"31":{"start":{"line":32,"column":0},"end":{"line":32,"column":43}},"32":{"start":{"line":33,"column":0},"end":{"line":33,"column":22}},"33":{"start":{"line":34,"column":0},"end":{"line":34,"column":30}},"34":{"start":{"line":35,"column":0},"end":{"line":35,"column":30}},"35":{"start":{"line":36,"column":0},"end":{"line":36,"column":22}},"36":{"start":{"line":37,"column":0},"end":{"line":37,"column":27}},"37":{"start":{"line":38,"column":0},"end":{"line":38,"column":79}},"38":{"start":{"line":39,"column":0},"end":{"line":39,"column":45}},"39":{"start":{"line":40,"column":0},"end":{"line":40,"column":33}},"40":{"start":{"line":41,"column":0},"end":{"line":41,"column":18}},"41":{"start":{"line":42,"column":0},"end":{"line":42,"column":0}},"42":{"start":{"line":43,"column":0},"end":{"line":43,"column":32}},"43":{"start":{"line":44,"column":0},"end":{"line":44,"column":22}},"44":{"start":{"line":45,"column":0},"end":{"line":45,"column":53}},"45":{"start":{"line":46,"column":0},"end":{"line":46,"column":51}},"46":{"start":{"line":47,"column":0},"end":{"line":47,"column":69}},"47":{"start":{"line":48,"column":0},"end":{"line":48,"column":27}},"48":{"start":{"line":49,"column":0},"end":{"line":49,"column":89}},"49":{"start":{"line":50,"column":0},"end":{"line":50,"column":33}},"50":{"start":{"line":51,"column":0},"end":{"line":51,"column":23}},"51":{"start":{"line":52,"column":0},"end":{"line":52,"column":18}},"52":{"start":{"line":53,"column":0},"end":{"line":53,"column":0}},"53":{"start":{"line":54,"column":0},"end":{"line":54,"column":27}},"54":{"start":{"line":55,"column":0},"end":{"line":55,"column":38}},"55":{"start":{"line":56,"column":0},"end":{"line":56,"column":72}},"56":{"start":{"line":57,"column":0},"end":{"line":57,"column":39}},"57":{"start":{"line":58,"column":0},"end":{"line":58,"column":18}},"58":{"start":{"line":59,"column":0},"end":{"line":59,"column":31}},"59":{"start":{"line":60,"column":0},"end":{"line":60,"column":31}},"60":{"start":{"line":61,"column":0},"end":{"line":61,"column":5}},"61":{"start":{"line":62,"column":0},"end":{"line":62,"column":1}}},"s":{"0":1,"1":1,"2":1,"3":1,"4":1,"5":1,"6":1,"7":1,"8":1,"9":1,"10":1,"11":1,"12":1,"13":1,"14":1,"15":1,"16":1,"17":1,"18":7,"19":7,"20":7,"21":7,"22":7,"23":7,"24":7,"25":7,"26":7,"27":7,"28":7,"29":7,"30":7,"31":7,"32":7,"33":7,"34":7,"35":7,"36":7,"37":7,"38":7,"39":7,"40":7,"41":7,"42":7,"43":7,"44":7,"45":2,"46":2,"47":2,"48":7,"49":7,"50":7,"51":7,"52":7,"53":7,"54":7,"55":7,"56":7,"57":7,"58":7,"59":7,"60":7,"61":7},"branchMap":{"0":{"type":"branch","line":18,"loc":{"start":{"line":18,"column":13},"end":{"line":18,"column":25}},"locations":[{"start":{"line":18,"column":13},"end":{"line":18,"column":25}}]},"1":{"type":"branch","line":18,"loc":{"start":{"line":18,"column":25},"end":{"line":62,"column":1}},"locations":[{"start":{"line":18,"column":25},"end":{"line":62,"column":1}}]},"2":{"type":"branch","line":38,"loc":{"start":{"line":38,"column":26},"end":{"line":38,"column":71}},"locations":[{"start":{"line":38,"column":26},"end":{"line":38,"column":71}}]},"3":{"type":"branch","line":38,"loc":{"start":{"line":38,"column":39},"end":{"line":38,"column":61}},"locations":[{"start":{"line":38,"column":39},"end":{"line":38,"column":61}}]},"4":{"type":"branch","line":38,"loc":{"start":{"line":38,"column":54},"end":{"line":38,"column":71}},"locations":[{"start":{"line":38,"column":54},"end":{"line":38,"column":71}}]},"5":{"type":"branch","line":38,"loc":{"start":{"line":38,"column":71},"end":{"line":38,"column":78}},"locations":[{"start":{"line":38,"column":71},"end":{"line":38,"column":78}}]},"6":{"type":"branch","line":49,"loc":{"start":{"line":49,"column":29},"end":{"line":49,"column":63}},"locations":[{"start":{"line":49,"column":29},"end":{"line":49,"column":63}}]},"7":{"type":"branch","line":49,"loc":{"start":{"line":49,"column":57},"end":{"line":49,"column":88}},"locations":[{"start":{"line":49,"column":57},"end":{"line":49,"column":88}}]},"8":{"type":"branch","line":45,"loc":{"start":{"line":45,"column":41},"end":{"line":48,"column":27}},"locations":[{"start":{"line":45,"column":41},"end":{"line":48,"column":27}}]},"9":{"type":"branch","line":47,"loc":{"start":{"line":47,"column":44},"end":{"line":47,"column":69}},"locations":[{"start":{"line":47,"column":44},"end":{"line":47,"column":69}}]}},"b":{"0":[5],"1":[7],"2":[5],"3":[1],"4":[4],"5":[2],"6":[1],"7":[4],"8":[2],"9":[2]},"fnMap":{"0":{"name":"get","decl":{"start":{"line":18,"column":13},"end":{"line":18,"column":25}},"loc":{"start":{"line":18,"column":13},"end":{"line":18,"column":25}},"line":18},"1":{"name":"FormInput","decl":{"start":{"line":18,"column":25},"end":{"line":62,"column":1}},"loc":{"start":{"line":18,"column":25},"end":{"line":62,"column":1}},"line":18},"2":{"name":"onClick","decl":{"start":{"line":45,"column":41},"end":{"line":48,"column":27}},"loc":{"start":{"line":45,"column":41},"end":{"line":48,"column":27}},"line":45}},"f":{"0":5,"1":7,"2":2}}
,"C:\\Users\\breno\\Desktop\\Projects\\rentx-web\\src\\components\\FormInput\\styles.ts": {"path":"C:\\Users\\breno\\Desktop\\Projects\\rentx-web\\src\\components\\FormInput\\styles.ts","all":false,"statementMap":{"0":{"start":{"line":1,"column":0},"end":{"line":1,"column":39}},"1":{"start":{"line":2,"column":0},"end":{"line":2,"column":0}},"2":{"start":{"line":3,"column":0},"end":{"line":3,"column":65}},"3":{"start":{"line":4,"column":0},"end":{"line":4,"column":18}},"4":{"start":{"line":5,"column":0},"end":{"line":5,"column":47}},"5":{"start":{"line":6,"column":0},"end":{"line":6,"column":54}},"6":{"start":{"line":7,"column":0},"end":{"line":7,"column":44}},"7":{"start":{"line":8,"column":0},"end":{"line":8,"column":7}},"8":{"start":{"line":9,"column":0},"end":{"line":9,"column":40}},"9":{"start":{"line":10,"column":0},"end":{"line":10,"column":2}},"10":{"start":{"line":11,"column":0},"end":{"line":11,"column":0}},"11":{"start":{"line":12,"column":0},"end":{"line":12,"column":40}},"12":{"start":{"line":13,"column":0},"end":{"line":13,"column":18}},"13":{"start":{"line":14,"column":0},"end":{"line":14,"column":24}},"14":{"start":{"line":15,"column":0},"end":{"line":15,"column":28}},"15":{"start":{"line":16,"column":0},"end":{"line":16,"column":43}},"16":{"start":{"line":17,"column":0},"end":{"line":17,"column":39}},"17":{"start":{"line":18,"column":0},"end":{"line":18,"column":0}},"18":{"start":{"line":19,"column":0},"end":{"line":19,"column":22}},"19":{"start":{"line":20,"column":0},"end":{"line":20,"column":50}},"20":{"start":{"line":21,"column":0},"end":{"line":21,"column":16}},"21":{"start":{"line":22,"column":0},"end":{"line":22,"column":32}},"22":{"start":{"line":23,"column":0},"end":{"line":23,"column":33}},"23":{"start":{"line":24,"column":0},"end":{"line":24,"column":9}},"24":{"start":{"line":25,"column":0},"end":{"line":25,"column":7}},"25":{"start":{"line":26,"column":0},"end":{"line":26,"column":2}},"26":{"start":{"line":27,"column":0},"end":{"line":27,"column":0}},"27":{"start":{"line":28,"column":0},"end":{"line":28,"column":41}},"28":{"start":{"line":29,"column":0},"end":{"line":29,"column":23}},"29":{"start":{"line":30,"column":0},"end":{"line":30,"column":18}},"30":{"start":{"line":31,"column":0},"end":{"line":31,"column":22}},"31":{"start":{"line":32,"column":0},"end":{"line":32,"column":16}},"32":{"start":{"line":33,"column":0},"end":{"line":33,"column":0}},"33":{"start":{"line":34,"column":0},"end":{"line":34,"column":11}},"34":{"start":{"line":35,"column":0},"end":{"line":35,"column":19}},"35":{"start":{"line":36,"column":0},"end":{"line":36,"column":26}},"36":{"start":{"line":37,"column":0},"end":{"line":37,"column":49}},"37":{"start":{"line":38,"column":0},"end":{"line":38,"column":45}},"38":{"start":{"line":39,"column":0},"end":{"line":39,"column":58}},"39":{"start":{"line":40,"column":0},"end":{"line":40,"column":20}},"40":{"start":{"line":41,"column":0},"end":{"line":41,"column":0}},"41":{"start":{"line":42,"column":0},"end":{"line":42,"column":23}},"42":{"start":{"line":43,"column":0},"end":{"line":43,"column":63}},"43":{"start":{"line":44,"column":0},"end":{"line":44,"column":9}},"44":{"start":{"line":45,"column":0},"end":{"line":45,"column":5}},"45":{"start":{"line":46,"column":0},"end":{"line":46,"column":4}},"46":{"start":{"line":47,"column":0},"end":{"line":47,"column":12}},"47":{"start":{"line":48,"column":0},"end":{"line":48,"column":19}},"48":{"start":{"line":49,"column":0},"end":{"line":49,"column":24}},"49":{"start":{"line":50,"column":0},"end":{"line":50,"column":44}},"50":{"start":{"line":51,"column":0},"end":{"line":51,"column":49}},"51":{"start":{"line":52,"column":0},"end":{"line":52,"column":59}},"52":{"start":{"line":53,"column":0},"end":{"line":53,"column":22}},"53":{"start":{"line":54,"column":0},"end":{"line":54,"column":28}},"54":{"start":{"line":55,"column":0},"end":{"line":55,"column":32}},"55":{"start":{"line":56,"column":0},"end":{"line":56,"column":5}},"56":{"start":{"line":57,"column":0},"end":{"line":57,"column":2}},"57":{"start":{"line":58,"column":0},"end":{"line":58,"column":0}},"58":{"start":{"line":59,"column":0},"end":{"line":59,"column":41}},"59":{"start":{"line":60,"column":0},"end":{"line":60,"column":23}},"60":{"start":{"line":61,"column":0},"end":{"line":61,"column":43}},"61":{"start":{"line":62,"column":0},"end":{"line":62,"column":0}},"62":{"start":{"line":63,"column":0},"end":{"line":63,"column":10}},"63":{"start":{"line":64,"column":0},"end":{"line":64,"column":53}},"64":{"start":{"line":65,"column":0},"end":{"line":65,"column":22}},"65":{"start":{"line":66,"column":0},"end":{"line":66,"column":28}},"66":{"start":{"line":67,"column":0},"end":{"line":67,"column":44}},"67":{"start":{"line":68,"column":0},"end":{"line":68,"column":51}},"68":{"start":{"line":69,"column":0},"end":{"line":69,"column":49}},"69":{"start":{"line":70,"column":0},"end":{"line":70,"column":5}},"70":{"start":{"line":71,"column":0},"end":{"line":71,"column":2}}},"s":{"0":1,"1":1,"2":1,"3":1,"4":1,"5":7,"6":7,"7":1,"8":1,"9":1,"10":1,"11":1,"12":1,"13":1,"14":1,"15":1,"16":1,"17":1,"18":1,"19":7,"20":7,"21":7,"22":7,"23":7,"24":1,"25":1,"26":1,"27":1,"28":1,"29":1,"30":1,"31":1,"32":1,"33":1,"34":1,"35":1,"36":1,"37":1,"38":1,"39":1,"40":1,"41":1,"42":1,"43":1,"44":1,"45":1,"46":1,"47":1,"48":1,"49":1,"50":1,"51":1,"52":1,"53":1,"54":1,"55":1,"56":1,"57":1,"58":1,"59":1,"60":1,"61":1,"62":1,"63":1,"64":1,"65":1,"66":1,"67":1,"68":1,"69":1,"70":1},"branchMap":{"0":{"type":"branch","line":5,"loc":{"start":{"line":5,"column":24},"end":{"line":8,"column":6}},"locations":[{"start":{"line":5,"column":24},"end":{"line":8,"column":6}}]},"1":{"type":"branch","line":7,"loc":{"start":{"line":7,"column":15},"end":{"line":7,"column":30}},"locations":[{"start":{"line":7,"column":15},"end":{"line":7,"column":30}}]},"2":{"type":"branch","line":7,"loc":{"start":{"line":7,"column":23},"end":{"line":7,"column":44}},"locations":[{"start":{"line":7,"column":23},"end":{"line":7,"column":44}}]},"3":{"type":"branch","line":19,"loc":{"start":{"line":19,"column":6},"end":{"line":25,"column":6}},"locations":[{"start":{"line":19,"column":6},"end":{"line":25,"column":6}}]},"4":{"type":"branch","line":39,"loc":{"start":{"line":39,"column":17},"end":{"line":39,"column":56}},"locations":[{"start":{"line":39,"column":17},"end":{"line":39,"column":56}}]},"5":{"type":"branch","line":43,"loc":{"start":{"line":43,"column":21},"end":{"line":43,"column":61}},"locations":[{"start":{"line":43,"column":21},"end":{"line":43,"column":61}}]},"6":{"type":"branch","line":52,"loc":{"start":{"line":52,"column":17},"end":{"line":52,"column":57}},"locations":[{"start":{"line":52,"column":17},"end":{"line":52,"column":57}}]},"7":{"type":"branch","line":68,"loc":{"start":{"line":68,"column":17},"end":{"line":68,"column":49}},"locations":[{"start":{"line":68,"column":17},"end":{"line":68,"column":49}}]}},"b":{"0":[7],"1":[1],"2":[6],"3":[7],"4":[7],"5":[7],"6":[7],"7":[1]},"fnMap":{"0":{"name":"Object.<anonymous>._styledComponents.default.div.theme.theme","decl":{"start":{"line":39,"column":17},"end":{"line":39,"column":56}},"loc":{"start":{"line":39,"column":17},"end":{"line":39,"column":56}},"line":39},"1":{"name":"Object.<anonymous>._styledComponents.default.div.theme.theme","decl":{"start":{"line":43,"column":21},"end":{"line":43,"column":61}},"loc":{"start":{"line":43,"column":21},"end":{"line":43,"column":61}},"line":43}},"f":{"0":7,"1":7}}
,"C:\\Users\\breno\\Desktop\\Projects\\rentx-web\\src\\components\\SideBar\\index.tsx": {"path":"C:\\Users\\breno\\Desktop\\Projects\\rentx-web\\src\\components\\SideBar\\index.tsx","all":false,"statementMap":{"0":{"start":{"line":1,"column":0},"end":{"line":1,"column":26}},"1":{"start":{"line":2,"column":0},"end":{"line":2,"column":30}},"2":{"start":{"line":3,"column":0},"end":{"line":3,"column":40}},"3":{"start":{"line":4,"column":0},"end":{"line":4,"column":41}},"4":{"start":{"line":5,"column":0},"end":{"line":5,"column":62}},"5":{"start":{"line":6,"column":0},"end":{"line":6,"column":45}},"6":{"start":{"line":7,"column":0},"end":{"line":7,"column":48}},"7":{"start":{"line":8,"column":0},"end":{"line":8,"column":44}},"8":{"start":{"line":9,"column":0},"end":{"line":9,"column":0}},"9":{"start":{"line":10,"column":0},"end":{"line":10,"column":21}},"10":{"start":{"line":11,"column":0},"end":{"line":11,"column":24}},"11":{"start":{"line":12,"column":0},"end":{"line":12,"column":1}},"12":{"start":{"line":13,"column":0},"end":{"line":13,"column":0}},"13":{"start":{"line":14,"column":0},"end":{"line":14,"column":59}},"14":{"start":{"line":15,"column":0},"end":{"line":15,"column":71}},"15":{"start":{"line":16,"column":0},"end":{"line":16,"column":0}},"16":{"start":{"line":17,"column":0},"end":{"line":17,"column":21}},"17":{"start":{"line":18,"column":0},"end":{"line":18,"column":72}},"18":{"start":{"line":19,"column":0},"end":{"line":19,"column":78}},"19":{"start":{"line":20,"column":0},"end":{"line":20,"column":10}},"20":{"start":{"line":21,"column":0},"end":{"line":21,"column":0}},"21":{"start":{"line":22,"column":0},"end":{"line":22,"column":12}},"22":{"start":{"line":23,"column":0},"end":{"line":23,"column":28}},"23":{"start":{"line":24,"column":0},"end":{"line":24,"column":45}},"24":{"start":{"line":25,"column":0},"end":{"line":25,"column":47}},"25":{"start":{"line":26,"column":0},"end":{"line":26,"column":91}},"26":{"start":{"line":27,"column":0},"end":{"line":27,"column":38}},"27":{"start":{"line":28,"column":0},"end":{"line":28,"column":19}},"28":{"start":{"line":29,"column":0},"end":{"line":29,"column":15}},"29":{"start":{"line":30,"column":0},"end":{"line":30,"column":46}},"30":{"start":{"line":31,"column":0},"end":{"line":31,"column":30}},"31":{"start":{"line":32,"column":0},"end":{"line":32,"column":31}},"32":{"start":{"line":33,"column":0},"end":{"line":33,"column":27}},"33":{"start":{"line":34,"column":0},"end":{"line":34,"column":39}},"34":{"start":{"line":35,"column":0},"end":{"line":35,"column":36}},"35":{"start":{"line":36,"column":0},"end":{"line":36,"column":42}},"36":{"start":{"line":37,"column":0},"end":{"line":37,"column":72}},"37":{"start":{"line":38,"column":0},"end":{"line":38,"column":25}},"38":{"start":{"line":39,"column":0},"end":{"line":39,"column":39}},"39":{"start":{"line":40,"column":0},"end":{"line":40,"column":37}},"40":{"start":{"line":41,"column":0},"end":{"line":41,"column":27}},"41":{"start":{"line":42,"column":0},"end":{"line":42,"column":39}},"42":{"start":{"line":43,"column":0},"end":{"line":43,"column":35}},"43":{"start":{"line":44,"column":0},"end":{"line":44,"column":42}},"44":{"start":{"line":45,"column":0},"end":{"line":45,"column":71}},"45":{"start":{"line":46,"column":0},"end":{"line":46,"column":25}},"46":{"start":{"line":47,"column":0},"end":{"line":47,"column":60}},"47":{"start":{"line":48,"column":0},"end":{"line":48,"column":37}},"48":{"start":{"line":49,"column":0},"end":{"line":49,"column":27}},"49":{"start":{"line":50,"column":0},"end":{"line":50,"column":44}},"50":{"start":{"line":51,"column":0},"end":{"line":51,"column":36}},"51":{"start":{"line":52,"column":0},"end":{"line":52,"column":47}},"52":{"start":{"line":53,"column":0},"end":{"line":53,"column":40}},"53":{"start":{"line":54,"column":0},"end":{"line":54,"column":71}},"54":{"start":{"line":55,"column":0},"end":{"line":55,"column":67}},"55":{"start":{"line":56,"column":0},"end":{"line":56,"column":62}},"56":{"start":{"line":57,"column":0},"end":{"line":57,"column":29}},"57":{"start":{"line":58,"column":0},"end":{"line":58,"column":25}},"58":{"start":{"line":59,"column":0},"end":{"line":59,"column":43}},"59":{"start":{"line":60,"column":0},"end":{"line":60,"column":37}},"60":{"start":{"line":61,"column":0},"end":{"line":61,"column":27}},"61":{"start":{"line":62,"column":0},"end":{"line":62,"column":28}},"62":{"start":{"line":63,"column":0},"end":{"line":63,"column":14}},"63":{"start":{"line":64,"column":0},"end":{"line":64,"column":29}},"64":{"start":{"line":65,"column":0},"end":{"line":65,"column":5}},"65":{"start":{"line":66,"column":0},"end":{"line":66,"column":1}}},"s":{"0":1,"1":1,"2":1,"3":1,"4":1,"5":1,"6":1,"7":1,"8":1,"9":1,"10":1,"11":1,"12":1,"13":1,"14":1,"15":1,"16":1,"17":1,"18":1,"19":1,"20":1,"21":1,"22":1,"23":1,"24":1,"25":1,"26":1,"27":1,"28":1,"29":1,"30":2,"31":2,"32":2,"33":1,"34":1,"35":2,"36":2,"37":1,"38":2,"39":2,"40":1,"41":1,"42":2,"43":2,"44":35,"45":35,"46":35,"47":35,"48":35,"49":0,"50":35,"51":2,"52":1,"53":1,"54":7,"55":7,"56":2,"57":2,"58":2,"59":1,"60":7,"61":7,"62":7,"63":7,"64":7,"65":7},"branchMap":{"0":{"type":"branch","line":1,"loc":{"start":{"line":1,"column":0},"end":{"line":66,"column":1}},"locations":[{"start":{"line":1,"column":0},"end":{"line":66,"column":1}}]},"1":{"type":"branch","line":1,"loc":{"start":{"line":1,"column":0},"end":{"line":66,"column":1}},"locations":[{"start":{"line":1,"column":0},"end":{"line":66,"column":1}}]},"2":{"type":"branch","line":5,"loc":{"start":{"line":5,"column":11},"end":{"line":5,"column":22}},"locations":[{"start":{"line":5,"column":11},"end":{"line":5,"column":22}}]},"3":{"type":"branch","line":18,"loc":{"start":{"line":18,"column":69},"end":{"line":22,"column":12}},"locations":[{"start":{"line":18,"column":69},"end":{"line":22,"column":12}}]},"4":{"type":"branch","line":19,"loc":{"start":{"line":19,"column":67},"end":{"line":19,"column":72}},"locations":[{"start":{"line":19,"column":67},"end":{"line":19,"column":72}}]},"5":{"type":"branch","line":23,"loc":{"start":{"line":23,"column":-1},"end":{"line":30,"column":40}},"locations":[{"start":{"line":23,"column":-1},"end":{"line":30,"column":40}}]},"6":{"type":"branch","line":25,"loc":{"start":{"line":25,"column":10},"end":{"line":25,"column":22}},"locations":[{"start":{"line":25,"column":10},"end":{"line":25,"column":22}}]},"7":{"type":"branch","line":27,"loc":{"start":{"line":27,"column":5},"end":{"line":30,"column":23}},"locations":[{"start":{"line":27,"column":5},"end":{"line":30,"column":23}}]},"8":{"type":"branch","line":28,"loc":{"start":{"line":28,"column":16},"end":{"line":29,"column":13}},"locations":[{"start":{"line":28,"column":16},"end":{"line":29,"column":13}}]},"9":{"type":"branch","line":30,"loc":{"start":{"line":30,"column":41},"end":{"line":54,"column":49}},"locations":[{"start":{"line":30,"column":41},"end":{"line":54,"column":49}}]},"10":{"type":"branch","line":34,"loc":{"start":{"line":34,"column":-1},"end":{"line":36,"column":24}},"locations":[{"start":{"line":34,"column":-1},"end":{"line":36,"column":24}}]},"11":{"type":"branch","line":35,"loc":{"start":{"line":35,"column":34},"end":{"line":36,"column":24}},"locations":[{"start":{"line":35,"column":34},"end":{"line":36,"column":24}}]},"12":{"type":"branch","line":36,"loc":{"start":{"line":36,"column":26},"end":{"line":37,"column":42}},"locations":[{"start":{"line":36,"column":26},"end":{"line":37,"column":42}}]},"13":{"type":"branch","line":37,"loc":{"start":{"line":37,"column":42},"end":{"line":39,"column":28}},"locations":[{"start":{"line":37,"column":42},"end":{"line":39,"column":28}}]},"14":{"type":"branch","line":39,"loc":{"start":{"line":39,"column":30},"end":{"line":40,"column":27}},"locations":[{"start":{"line":39,"column":30},"end":{"line":40,"column":27}}]},"15":{"type":"branch","line":40,"loc":{"start":{"line":40,"column":27},"end":{"line":43,"column":28}},"locations":[{"start":{"line":40,"column":27},"end":{"line":43,"column":28}}]},"16":{"type":"branch","line":44,"loc":{"start":{"line":44,"column":16},"end":{"line":52,"column":38}},"locations":[{"start":{"line":44,"column":16},"end":{"line":52,"column":38}}]},"17":{"type":"branch","line":47,"loc":{"start":{"line":47,"column":46},"end":{"line":47,"column":52}},"locations":[{"start":{"line":47,"column":46},"end":{"line":47,"column":52}}]},"18":{"type":"branch","line":49,"loc":{"start":{"line":49,"column":1},"end":{"line":50,"column":45}},"locations":[{"start":{"line":49,"column":1},"end":{"line":50,"column":45}}]},"19":{"type":"branch","line":52,"loc":{"start":{"line":52,"column":38},"end":{"line":54,"column":48}},"locations":[{"start":{"line":52,"column":38},"end":{"line":54,"column":48}}]},"20":{"type":"branch","line":54,"loc":{"start":{"line":54,"column":66},"end":{"line":66,"column":1}},"locations":[{"start":{"line":54,"column":66},"end":{"line":66,"column":1}}]},"21":{"type":"branch","line":56,"loc":{"start":{"line":56,"column":46},"end":{"line":61,"column":4}},"locations":[{"start":{"line":56,"column":46},"end":{"line":61,"column":4}}]},"22":{"type":"branch","line":59,"loc":{"start":{"line":59,"column":34},"end":{"line":60,"column":37}},"locations":[{"start":{"line":59,"column":34},"end":{"line":60,"column":37}}]}},"b":{"0":[1],"1":[1],"2":[5],"3":[1],"4":[0],"5":[1],"6":[0],"7":[1],"8":[0],"9":[2],"10":[1],"11":[0],"12":[0],"13":[1],"14":[0],"15":[1],"16":[35],"17":[0],"18":[0],"19":[1],"20":[7],"21":[2],"22":[1]},"fnMap":{"0":{"name":"Object.<anonymous>","decl":{"start":{"line":1,"column":0},"end":{"line":66,"column":1}},"loc":{"start":{"line":1,"column":0},"end":{"line":66,"column":1}},"line":1},"1":{"name":"get","decl":{"start":{"line":5,"column":11},"end":{"line":5,"column":22}},"loc":{"start":{"line":5,"column":11},"end":{"line":5,"column":22}},"line":5},"2":{"name":"_interopRequireDefault","decl":{"start":{"line":18,"column":69},"end":{"line":22,"column":12}},"loc":{"start":{"line":18,"column":69},"end":{"line":22,"column":12}},"line":18},"3":{"name":"_getRequireWildcardCache","decl":{"start":{"line":23,"column":-1},"end":{"line":30,"column":40}},"loc":{"start":{"line":23,"column":-1},"end":{"line":30,"column":40}},"line":23},"4":{"name":"_getRequireWildcardCache","decl":{"start":{"line":27,"column":5},"end":{"line":30,"column":23}},"loc":{"start":{"line":27,"column":5},"end":{"line":30,"column":23}},"line":27},"5":{"name":"_interopRequireWildcard","decl":{"start":{"line":30,"column":41},"end":{"line":54,"column":49}},"loc":{"start":{"line":30,"column":41},"end":{"line":54,"column":49}},"line":30},"6":{"name":"SideBar","decl":{"start":{"line":54,"column":66},"end":{"line":66,"column":1}},"loc":{"start":{"line":54,"column":66},"end":{"line":66,"column":1}},"line":54}},"f":{"0":1,"1":5,"2":1,"3":1,"4":1,"5":2,"6":7}}
,"C:\\Users\\breno\\Desktop\\Projects\\rentx-web\\src\\components\\SideBar\\styles.ts": {"path":"C:\\Users\\breno\\Desktop\\Projects\\rentx-web\\src\\components\\SideBar\\styles.ts","all":false,"statementMap":{"0":{"start":{"line":1,"column":0},"end":{"line":1,"column":39}},"1":{"start":{"line":2,"column":0},"end":{"line":2,"column":0}},"2":{"start":{"line":3,"column":0},"end":{"line":3,"column":45}},"3":{"start":{"line":4,"column":0},"end":{"line":4,"column":20}},"4":{"start":{"line":5,"column":0},"end":{"line":5,"column":11}},"5":{"start":{"line":6,"column":0},"end":{"line":6,"column":16}},"6":{"start":{"line":7,"column":0},"end":{"line":7,"column":12}},"7":{"start":{"line":8,"column":0},"end":{"line":8,"column":2}},"8":{"start":{"line":9,"column":0},"end":{"line":9,"column":4}},"9":{"start":{"line":10,"column":0},"end":{"line":10,"column":43}},"10":{"start":{"line":11,"column":0},"end":{"line":11,"column":18}},"11":{"start":{"line":12,"column":0},"end":{"line":12,"column":17}},"12":{"start":{"line":13,"column":0},"end":{"line":13,"column":51}},"13":{"start":{"line":14,"column":0},"end":{"line":14,"column":18}},"14":{"start":{"line":15,"column":0},"end":{"line":15,"column":28}},"15":{"start":{"line":16,"column":0},"end":{"line":16,"column":24}},"16":{"start":{"line":17,"column":0},"end":{"line":17,"column":41}},"17":{"start":{"line":18,"column":0},"end":{"line":18,"column":42}},"18":{"start":{"line":19,"column":0},"end":{"line":19,"column":20}},"19":{"start":{"line":20,"column":0},"end":{"line":20,"column":0}},"20":{"start":{"line":21,"column":0},"end":{"line":21,"column":9}},"21":{"start":{"line":22,"column":0},"end":{"line":22,"column":48}},"22":{"start":{"line":23,"column":0},"end":{"line":23,"column":5}},"23":{"start":{"line":24,"column":0},"end":{"line":24,"column":2}},"24":{"start":{"line":25,"column":0},"end":{"line":25,"column":4}},"25":{"start":{"line":26,"column":0},"end":{"line":26,"column":33}},"26":{"start":{"line":27,"column":0},"end":{"line":27,"column":56}},"27":{"start":{"line":28,"column":0},"end":{"line":28,"column":53}},"28":{"start":{"line":29,"column":0},"end":{"line":29,"column":41}},"29":{"start":{"line":30,"column":0},"end":{"line":30,"column":18}},"30":{"start":{"line":31,"column":0},"end":{"line":31,"column":27}},"31":{"start":{"line":32,"column":0},"end":{"line":32,"column":28}},"32":{"start":{"line":33,"column":0},"end":{"line":33,"column":36}},"33":{"start":{"line":34,"column":0},"end":{"line":34,"column":2}},"34":{"start":{"line":35,"column":0},"end":{"line":35,"column":0}},"35":{"start":{"line":36,"column":0},"end":{"line":36,"column":59}},"36":{"start":{"line":37,"column":0},"end":{"line":37,"column":45}},"37":{"start":{"line":38,"column":0},"end":{"line":38,"column":41}},"38":{"start":{"line":39,"column":0},"end":{"line":39,"column":18}},"39":{"start":{"line":40,"column":0},"end":{"line":40,"column":28}},"40":{"start":{"line":41,"column":0},"end":{"line":41,"column":24}},"41":{"start":{"line":42,"column":0},"end":{"line":42,"column":34}},"42":{"start":{"line":43,"column":0},"end":{"line":43,"column":62}},"43":{"start":{"line":44,"column":0},"end":{"line":44,"column":16}},"44":{"start":{"line":45,"column":0},"end":{"line":45,"column":92}},"45":{"start":{"line":46,"column":0},"end":{"line":46,"column":56}},"46":{"start":{"line":47,"column":0},"end":{"line":47,"column":53}},"47":{"start":{"line":48,"column":0},"end":{"line":48,"column":10}},"48":{"start":{"line":49,"column":0},"end":{"line":49,"column":7}},"49":{"start":{"line":50,"column":0},"end":{"line":50,"column":20}},"50":{"start":{"line":51,"column":0},"end":{"line":51,"column":2}}},"s":{"0":1,"1":1,"2":1,"3":1,"4":1,"5":1,"6":4,"7":4,"8":4,"9":4,"10":4,"11":1,"12":1,"13":1,"14":1,"15":1,"16":1,"17":1,"18":1,"19":1,"20":1,"21":1,"22":1,"23":1,"24":1,"25":1,"26":1,"27":1,"28":1,"29":1,"30":1,"31":1,"32":1,"33":1,"34":1,"35":1,"36":1,"37":1,"38":1,"39":1,"40":1,"41":1,"42":1,"43":1,"44":1,"45":1,"46":1,"47":1,"48":1,"49":1,"50":1},"branchMap":{"0":{"type":"branch","line":1,"loc":{"start":{"line":1,"column":0},"end":{"line":51,"column":2}},"locations":[{"start":{"line":1,"column":0},"end":{"line":51,"column":2}}]},"1":{"type":"branch","line":1,"loc":{"start":{"line":1,"column":0},"end":{"line":51,"column":2}},"locations":[{"start":{"line":1,"column":0},"end":{"line":51,"column":2}}]},"2":{"type":"branch","line":3,"loc":{"start":{"line":3,"column":38},"end":{"line":12,"column":1}},"locations":[{"start":{"line":3,"column":38},"end":{"line":12,"column":1}}]},"3":{"type":"branch","line":6,"loc":{"start":{"line":6,"column":12},"end":{"line":11,"column":19}},"locations":[{"start":{"line":6,"column":12},"end":{"line":11,"column":19}}]},"4":{"type":"branch","line":13,"loc":{"start":{"line":13,"column":24},"end":{"line":13,"column":44}},"locations":[{"start":{"line":13,"column":24},"end":{"line":13,"column":44}}]},"5":{"type":"branch","line":14,"loc":{"start":{"line":14,"column":12},"end":{"line":15,"column":9}},"locations":[{"start":{"line":14,"column":12},"end":{"line":15,"column":9}}]},"6":{"type":"branch","line":15,"loc":{"start":{"line":15,"column":24},"end":{"line":16,"column":5}},"locations":[{"start":{"line":15,"column":24},"end":{"line":16,"column":5}}]},"7":{"type":"branch","line":16,"loc":{"start":{"line":16,"column":21},"end":{"line":17,"column":7}},"locations":[{"start":{"line":16,"column":21},"end":{"line":17,"column":7}}]},"8":{"type":"branch","line":19,"loc":{"start":{"line":19,"column":19},"end":{"line":26,"column":28}},"locations":[{"start":{"line":19,"column":19},"end":{"line":26,"column":28}}]},"9":{"type":"branch","line":25,"loc":{"start":{"line":25,"column":1},"end":{"line":26,"column":25}},"locations":[{"start":{"line":25,"column":1},"end":{"line":26,"column":25}}]},"10":{"type":"branch","line":33,"loc":{"start":{"line":33,"column":2},"end":{"line":33,"column":32}},"locations":[{"start":{"line":33,"column":2},"end":{"line":33,"column":32}}]},"11":{"type":"branch","line":45,"loc":{"start":{"line":45,"column":28},"end":{"line":45,"column":60}},"locations":[{"start":{"line":45,"column":28},"end":{"line":45,"column":60}}]}},"b":{"0":[1],"1":[1],"2":[1],"3":[4],"4":[7],"5":[7],"6":[6],"7":[18],"8":[1],"9":[0],"10":[7],"11":[6]},"fnMap":{"0":{"name":"Object.<anonymous>","decl":{"start":{"line":1,"column":0},"end":{"line":51,"column":2}},"loc":{"start":{"line":1,"column":0},"end":{"line":51,"column":2}},"line":1},"1":{"name":"_export","decl":{"start":{"line":3,"column":38},"end":{"line":12,"column":1}},"loc":{"start":{"line":3,"column":38},"end":{"line":12,"column":1}},"line":3},"2":{"name":"SideBarContainer","decl":{"start":{"line":13,"column":24},"end":{"line":13,"column":44}},"loc":{"start":{"line":13,"column":24},"end":{"line":13,"column":44}},"line":13},"3":{"name":"LogoContainer","decl":{"start":{"line":14,"column":12},"end":{"line":15,"column":9}},"loc":{"start":{"line":14,"column":12},"end":{"line":15,"column":9}},"line":14},"4":{"name":"SideBar","decl":{"start":{"line":15,"column":24},"end":{"line":16,"column":5}},"loc":{"start":{"line":15,"column":24},"end":{"line":16,"column":5}},"line":15},"5":{"name":"SideItem","decl":{"start":{"line":16,"column":21},"end":{"line":17,"column":7}},"loc":{"start":{"line":16,"column":21},"end":{"line":17,"column":7}},"line":16},"6":{"name":"_interopRequireDefault","decl":{"start":{"line":19,"column":19},"end":{"line":26,"column":28}},"loc":{"start":{"line":19,"column":19},"end":{"line":26,"column":28}},"line":19}},"f":{"0":1,"1":1,"2":7,"3":7,"4":6,"5":18,"6":1}}
,"C:\\Users\\breno\\Desktop\\Projects\\rentx-web\\src\\components\\TopBar\\index.tsx": {"path":"C:\\Users\\breno\\Desktop\\Projects\\rentx-web\\src\\components\\TopBar\\index.tsx","all":false,"statementMap":{"0":{"start":{"line":1,"column":0},"end":{"line":1,"column":30}},"1":{"start":{"line":2,"column":0},"end":{"line":2,"column":45}},"2":{"start":{"line":3,"column":0},"end":{"line":3,"column":0}},"3":{"start":{"line":4,"column":0},"end":{"line":4,"column":20}},"4":{"start":{"line":5,"column":0},"end":{"line":5,"column":24}},"5":{"start":{"line":6,"column":0},"end":{"line":6,"column":1}},"6":{"start":{"line":7,"column":0},"end":{"line":7,"column":0}},"7":{"start":{"line":8,"column":0},"end":{"line":8,"column":0}},"8":{"start":{"line":9,"column":0},"end":{"line":9,"column":57}},"9":{"start":{"line":10,"column":0},"end":{"line":10,"column":47}},"10":{"start":{"line":11,"column":0},"end":{"line":11,"column":48}},"11":{"start":{"line":12,"column":0},"end":{"line":12,"column":0}},"12":{"start":{"line":13,"column":0},"end":{"line":13,"column":50}},"13":{"start":{"line":14,"column":0},"end":{"line":14,"column":56}},"14":{"start":{"line":15,"column":0},"end":{"line":15,"column":0}},"15":{"start":{"line":16,"column":0},"end":{"line":16,"column":68}},"16":{"start":{"line":17,"column":0},"end":{"line":17,"column":5}},"17":{"start":{"line":18,"column":0},"end":{"line":18,"column":0}},"18":{"start":{"line":19,"column":0},"end":{"line":19,"column":12}},"19":{"start":{"line":20,"column":0},"end":{"line":20,"column":27}},"20":{"start":{"line":21,"column":0},"end":{"line":21,"column":47}},"21":{"start":{"line":22,"column":0},"end":{"line":22,"column":42}},"22":{"start":{"line":23,"column":0},"end":{"line":23,"column":25}},"23":{"start":{"line":24,"column":0},"end":{"line":24,"column":33}},"24":{"start":{"line":25,"column":0},"end":{"line":25,"column":39}},"25":{"start":{"line":26,"column":0},"end":{"line":26,"column":21}},"26":{"start":{"line":27,"column":0},"end":{"line":27,"column":35}},"27":{"start":{"line":28,"column":0},"end":{"line":28,"column":22}},"28":{"start":{"line":29,"column":0},"end":{"line":29,"column":34}},"29":{"start":{"line":30,"column":0},"end":{"line":30,"column":28}},"30":{"start":{"line":31,"column":0},"end":{"line":31,"column":5}},"31":{"start":{"line":32,"column":0},"end":{"line":32,"column":1}}},"s":{"0":1,"1":1,"2":1,"3":1,"4":1,"5":1,"6":1,"7":1,"8":1,"9":1,"10":1,"11":1,"12":1,"13":0,"14":0,"15":0,"16":0,"17":0,"18":0,"19":0,"20":0,"21":0,"22":0,"23":1,"24":1,"25":1,"26":1,"27":1,"28":0,"29":0,"30":1,"31":0},"branchMap":{"0":{"type":"branch","line":1,"loc":{"start":{"line":1,"column":0},"end":{"line":32,"column":1}},"locations":[{"start":{"line":1,"column":0},"end":{"line":32,"column":1}}]},"1":{"type":"branch","line":1,"loc":{"start":{"line":1,"column":0},"end":{"line":32,"column":1}},"locations":[{"start":{"line":1,"column":0},"end":{"line":32,"column":1}}]},"2":{"type":"branch","line":9,"loc":{"start":{"line":9,"column":19},"end":{"line":9,"column":29}},"locations":[{"start":{"line":9,"column":19},"end":{"line":9,"column":29}}]},"3":{"type":"branch","line":24,"loc":{"start":{"line":24,"column":24},"end":{"line":32,"column":1}},"locations":[{"start":{"line":24,"column":24},"end":{"line":32,"column":1}}]},"4":{"type":"branch","line":28,"loc":{"start":{"line":28,"column":15},"end":{"line":31,"column":2}},"locations":[{"start":{"line":28,"column":15},"end":{"line":31,"column":2}}]},"5":{"type":"branch","line":31,"loc":{"start":{"line":31,"column":4},"end":{"line":32,"column":1}},"locations":[{"start":{"line":31,"column":4},"end":{"line":32,"column":1}}]}},"b":{"0":[1],"1":[1],"2":[8],"3":[1],"4":[0],"5":[0]},"fnMap":{"0":{"name":"Object.<anonymous>","decl":{"start":{"line":1,"column":0},"end":{"line":32,"column":1}},"loc":{"start":{"line":1,"column":0},"end":{"line":32,"column":1}},"line":1},"1":{"name":"get","decl":{"start":{"line":9,"column":19},"end":{"line":9,"column":29}},"loc":{"start":{"line":9,"column":19},"end":{"line":9,"column":29}},"line":9},"2":{"name":"_getRequireWildcardCache","decl":{"start":{"line":13,"column":39},"end":{"line":24,"column":23}},"loc":{"start":{"line":13,"column":39},"end":{"line":24,"column":23}},"line":13},"3":{"name":"_interopRequireWildcard","decl":{"start":{"line":24,"column":24},"end":{"line":32,"column":1}},"loc":{"start":{"line":24,"column":24},"end":{"line":32,"column":1}},"line":24}},"f":{"0":1,"1":8,"2":0,"3":1}}
,"C:\\Users\\breno\\Desktop\\Projects\\rentx-web\\src\\components\\TopBar\\styles.ts": {"path":"C:\\Users\\breno\\Desktop\\Projects\\rentx-web\\src\\components\\TopBar\\styles.ts","all":false,"statementMap":{"0":{"start":{"line":1,"column":0},"end":{"line":1,"column":39}},"1":{"start":{"line":2,"column":0},"end":{"line":2,"column":0}},"2":{"start":{"line":3,"column":0},"end":{"line":3,"column":42}},"3":{"start":{"line":4,"column":0},"end":{"line":4,"column":20}},"4":{"start":{"line":5,"column":0},"end":{"line":5,"column":11}},"5":{"start":{"line":6,"column":0},"end":{"line":6,"column":12}},"6":{"start":{"line":7,"column":0},"end":{"line":7,"column":17}},"7":{"start":{"line":8,"column":0},"end":{"line":8,"column":53}},"8":{"start":{"line":9,"column":0},"end":{"line":9,"column":42}},"9":{"start":{"line":10,"column":0},"end":{"line":10,"column":71}},"10":{"start":{"line":11,"column":0},"end":{"line":11,"column":86}},"11":{"start":{"line":12,"column":0},"end":{"line":12,"column":18}},"12":{"start":{"line":13,"column":0},"end":{"line":13,"column":24}},"13":{"start":{"line":14,"column":0},"end":{"line":14,"column":35}},"14":{"start":{"line":15,"column":0},"end":{"line":15,"column":2}},"15":{"start":{"line":16,"column":0},"end":{"line":16,"column":0}},"16":{"start":{"line":17,"column":0},"end":{"line":17,"column":36}},"17":{"start":{"line":18,"column":0},"end":{"line":18,"column":45}},"18":{"start":{"line":19,"column":0},"end":{"line":19,"column":21}},"19":{"start":{"line":20,"column":0},"end":{"line":20,"column":31}},"20":{"start":{"line":21,"column":0},"end":{"line":21,"column":2}},"21":{"start":{"line":22,"column":0},"end":{"line":22,"column":4}},"22":{"start":{"line":23,"column":0},"end":{"line":23,"column":44}},"23":{"start":{"line":24,"column":0},"end":{"line":24,"column":18}},"24":{"start":{"line":25,"column":0},"end":{"line":25,"column":24}},"25":{"start":{"line":26,"column":0},"end":{"line":26,"column":37}},"26":{"start":{"line":27,"column":0},"end":{"line":27,"column":20}},"27":{"start":{"line":28,"column":0},"end":{"line":28,"column":0}},"28":{"start":{"line":29,"column":0},"end":{"line":29,"column":10}},"29":{"start":{"line":30,"column":0},"end":{"line":30,"column":47}},"30":{"start":{"line":31,"column":0},"end":{"line":31,"column":25}},"31":{"start":{"line":32,"column":0},"end":{"line":32,"column":5}},"32":{"start":{"line":33,"column":0},"end":{"line":33,"column":4}},"33":{"start":{"line":34,"column":0},"end":{"line":34,"column":9}},"34":{"start":{"line":35,"column":0},"end":{"line":35,"column":22}},"35":{"start":{"line":36,"column":0},"end":{"line":36,"column":32}},"36":{"start":{"line":37,"column":0},"end":{"line":37,"column":28}},"37":{"start":{"line":38,"column":0},"end":{"line":38,"column":41}},"38":{"start":{"line":39,"column":0},"end":{"line":39,"column":42}},"39":{"start":{"line":40,"column":0},"end":{"line":40,"column":27}},"40":{"start":{"line":41,"column":0},"end":{"line":41,"column":49}},"41":{"start":{"line":42,"column":0},"end":{"line":42,"column":26}},"42":{"start":{"line":43,"column":0},"end":{"line":43,"column":63}},"43":{"start":{"line":44,"column":0},"end":{"line":44,"column":0}},"44":{"start":{"line":45,"column":0},"end":{"line":45,"column":20}},"45":{"start":{"line":46,"column":0},"end":{"line":46,"column":46}},"46":{"start":{"line":47,"column":0},"end":{"line":47,"column":36}},"47":{"start":{"line":48,"column":0},"end":{"line":48,"column":13}},"48":{"start":{"line":49,"column":0},"end":{"line":49,"column":10}},"49":{"start":{"line":50,"column":0},"end":{"line":50,"column":5}},"50":{"start":{"line":51,"column":0},"end":{"line":51,"column":2}}},"s":{"0":1,"1":1,"2":1,"3":1,"4":1,"5":1,"6":1,"7":3,"8":1,"9":1,"10":1,"11":1,"12":1,"13":1,"14":1,"15":1,"16":1,"17":1,"18":1,"19":1,"20":1,"21":1,"22":1,"23":1,"24":8,"25":1,"26":1,"27":1,"28":1,"29":1,"30":1,"31":1,"32":1,"33":1,"34":1,"35":1,"36":1,"37":1,"38":1,"39":1,"40":1,"41":1,"42":1,"43":1,"44":1,"45":1,"46":1,"47":1,"48":1,"49":1,"50":1},"branchMap":{"0":{"type":"branch","line":1,"loc":{"start":{"line":1,"column":0},"end":{"line":51,"column":2}},"locations":[{"start":{"line":1,"column":0},"end":{"line":51,"column":2}}]},"1":{"type":"branch","line":1,"loc":{"start":{"line":1,"column":0},"end":{"line":51,"column":2}},"locations":[{"start":{"line":1,"column":0},"end":{"line":51,"column":2}}]},"2":{"type":"branch","line":3,"loc":{"start":{"line":3,"column":38},"end":{"line":9,"column":23}},"locations":[{"start":{"line":3,"column":38},"end":{"line":9,"column":23}}]},"3":{"type":"branch","line":7,"loc":{"start":{"line":7,"column":1},"end":{"line":9,"column":21}},"locations":[{"start":{"line":7,"column":1},"end":{"line":9,"column":21}}]},"4":{"type":"branch","line":10,"loc":{"start":{"line":10,"column":20},"end":{"line":10,"column":39}},"locations":[{"start":{"line":10,"column":20},"end":{"line":10,"column":39}}]},"5":{"type":"branch","line":10,"loc":{"start":{"line":10,"column":55},"end":{"line":10,"column":67}},"locations":[{"start":{"line":10,"column":55},"end":{"line":10,"column":67}}]},"6":{"type":"branch","line":11,"loc":{"start":{"line":11,"column":19},"end":{"line":11,"column":40}},"locations":[{"start":{"line":11,"column":19},"end":{"line":11,"column":40}}]},"7":{"type":"branch","line":14,"loc":{"start":{"line":14,"column":5},"end":{"line":18,"column":35}},"locations":[{"start":{"line":14,"column":5},"end":{"line":18,"column":35}}]},"8":{"type":"branch","line":18,"loc":{"start":{"line":18,"column":2},"end":{"line":18,"column":32}},"locations":[{"start":{"line":18,"column":2},"end":{"line":18,"column":32}}]},"9":{"type":"branch","line":25,"loc":{"start":{"line":25,"column":-1},"end":{"line":26,"column":5}},"locations":[{"start":{"line":25,"column":-1},"end":{"line":26,"column":5}}]}},"b":{"0":[1],"1":[1],"2":[1],"3":[3],"4":[8],"5":[8],"6":[8],"7":[1],"8":[0],"9":[8]},"fnMap":{"0":{"name":"Object.<anonymous>","decl":{"start":{"line":1,"column":0},"end":{"line":51,"column":2}},"loc":{"start":{"line":1,"column":0},"end":{"line":51,"column":2}},"line":1},"1":{"name":"_export","decl":{"start":{"line":3,"column":38},"end":{"line":9,"column":23}},"loc":{"start":{"line":3,"column":38},"end":{"line":9,"column":23}},"line":3},"2":{"name":"TopBarContainer","decl":{"start":{"line":10,"column":20},"end":{"line":10,"column":39}},"loc":{"start":{"line":10,"column":20},"end":{"line":10,"column":39}},"line":10},"3":{"name":"Location","decl":{"start":{"line":10,"column":55},"end":{"line":10,"column":67}},"loc":{"start":{"line":10,"column":55},"end":{"line":10,"column":67}},"line":10},"4":{"name":"AuthInfoContainer","decl":{"start":{"line":11,"column":19},"end":{"line":11,"column":40}},"loc":{"start":{"line":11,"column":19},"end":{"line":11,"column":40}},"line":11},"5":{"name":"_interopRequireDefault","decl":{"start":{"line":14,"column":5},"end":{"line":18,"column":35}},"loc":{"start":{"line":14,"column":5},"end":{"line":18,"column":35}},"line":14}},"f":{"0":1,"1":1,"2":8,"3":8,"4":8,"5":1}}
,"C:\\Users\\breno\\Desktop\\Projects\\rentx-web\\test\\mocks\\fileMock.js": {"path":"C:\\Users\\breno\\Desktop\\Projects\\rentx-web\\test\\mocks\\fileMock.js","all":false,"statementMap":{"0":{"start":{"line":1,"column":0},"end":{"line":1,"column":34}}},"s":{"0":1},"branchMap":{"0":{"type":"branch","line":1,"loc":{"start":{"line":1,"column":0},"end":{"line":1,"column":34}},"locations":[{"start":{"line":1,"column":0},"end":{"line":1,"column":34}}]},"1":{"type":"branch","line":1,"loc":{"start":{"line":1,"column":0},"end":{"line":1,"column":34}},"locations":[{"start":{"line":1,"column":0},"end":{"line":1,"column":34}}]}},"b":{"0":[1],"1":[1]},"fnMap":{"0":{"name":"Object.<anonymous>","decl":{"start":{"line":1,"column":0},"end":{"line":1,"column":34}},"loc":{"start":{"line":1,"column":0},"end":{"line":1,"column":34}},"line":1}},"f":{"0":1}}
}
