TN:
SF:src\globalStyles.ts
FN:1,Object.<anonymous>
FN:4,_export
FN:11,theme
FN:11,default
FNF:4
FNH:3
FNDA:4,Object.<anonymous>
FNDA:4,_export
FNDA:24,theme
FNDA:0,default
DA:1,4
DA:2,4
DA:3,4
DA:4,4
DA:5,4
DA:6,4
DA:7,8
DA:8,8
DA:9,8
DA:10,4
DA:11,4
DA:12,4
DA:13,4
DA:14,4
DA:15,4
DA:16,4
DA:17,4
DA:18,4
DA:19,4
DA:20,4
DA:21,4
DA:22,4
DA:23,4
DA:24,4
DA:25,4
DA:26,4
DA:27,4
DA:28,4
DA:29,4
DA:30,4
DA:31,4
DA:32,4
DA:33,4
DA:34,4
DA:35,4
DA:36,4
DA:37,4
DA:38,4
LF:38
LH:38
BRDA:1,0,0,4
BRDA:1,1,0,4
BRDA:4,2,0,4
BRDA:6,3,0,8
BRDA:11,4,0,24
BRF:5
BRH:5
end_of_record
TN:
SF:src\components\Button\index.tsx
FN:1,Object.<anonymous>
FN:7,get
FN:15,_getRequireWildcardCache
FNF:3
FNH:2
FNDA:1,Object.<anonymous>
FNDA:5,get
FNDA:0,_getRequireWildcardCache
DA:1,1
DA:2,1
DA:3,1
DA:4,1
DA:5,1
DA:6,1
DA:7,1
DA:8,1
DA:9,1
DA:10,1
DA:11,1
DA:12,1
DA:13,1
DA:14,1
DA:15,1
DA:16,0
DA:17,0
DA:18,0
DA:19,0
DA:20,0
DA:21,0
DA:22,0
DA:23,0
DA:24,0
DA:25,0
DA:26,0
DA:27,0
DA:28,0
LF:28
LH:15
BRDA:1,0,0,1
BRDA:1,1,0,1
BRDA:7,2,0,5
BRF:3
BRH:3
end_of_record
TN:
SF:src\components\Button\styles.ts
FN:1,Object.<anonymous>
FN:4,get
FN:8,_interopRequireDefault
FNF:3
FNH:3
FNDA:1,Object.<anonymous>
FNDA:5,get
FNDA:1,_interopRequireDefault
DA:1,1
DA:2,1
DA:3,1
DA:4,1
DA:5,1
DA:6,1
DA:7,1
DA:8,1
DA:9,1
DA:10,1
DA:11,0
DA:12,0
DA:13,1
DA:14,1
DA:15,1
DA:16,1
DA:17,1
DA:18,1
DA:19,1
DA:20,1
LF:20
LH:18
BRDA:1,0,0,1
BRDA:1,1,0,1
BRDA:4,2,0,5
BRDA:8,3,0,1
BRDA:11,4,0,0
BRF:5
BRH:4
end_of_record
TN:
SF:src\components\FormInput\index.tsx
FN:18,get
FN:18,FormInput
FN:45,onClick
FNF:3
FNH:3
FNDA:5,get
FNDA:7,FormInput
FNDA:2,onClick
DA:1,1
DA:2,1
DA:3,1
DA:4,1
DA:5,1
DA:6,1
DA:7,1
DA:8,1
DA:9,1
DA:10,1
DA:11,1
DA:12,1
DA:13,1
DA:14,1
DA:15,1
DA:16,1
DA:17,1
DA:18,1
DA:19,7
DA:20,7
DA:21,7
DA:22,7
DA:23,7
DA:24,7
DA:25,7
DA:26,7
DA:27,7
DA:28,7
DA:29,7
DA:30,7
DA:31,7
DA:32,7
DA:33,7
DA:34,7
DA:35,7
DA:36,7
DA:37,7
DA:38,7
DA:39,7
DA:40,7
DA:41,7
DA:42,7
DA:43,7
DA:44,7
DA:45,7
DA:46,2
DA:47,2
DA:48,2
DA:49,7
DA:50,7
DA:51,7
DA:52,7
DA:53,7
DA:54,7
DA:55,7
DA:56,7
DA:57,7
DA:58,7
DA:59,7
DA:60,7
DA:61,7
DA:62,7
LF:62
LH:62
BRDA:18,0,0,5
BRDA:18,1,0,7
BRDA:38,2,0,5
BRDA:38,3,0,1
BRDA:38,4,0,4
BRDA:38,5,0,2
BRDA:49,6,0,1
BRDA:49,7,0,4
BRDA:45,8,0,2
BRDA:47,9,0,2
BRF:10
BRH:10
end_of_record
TN:
SF:src\components\FormInput\styles.ts
FN:39,Object.<anonymous>._styledComponents.default.div.theme.theme
FN:43,Object.<anonymous>._styledComponents.default.div.theme.theme
FNF:2
FNH:2
FNDA:7,Object.<anonymous>._styledComponents.default.div.theme.theme
FNDA:7,Object.<anonymous>._styledComponents.default.div.theme.theme
DA:1,1
DA:2,1
DA:3,1
DA:4,1
DA:5,1
DA:6,7
DA:7,7
DA:8,1
DA:9,1
DA:10,1
DA:11,1
DA:12,1
DA:13,1
DA:14,1
DA:15,1
DA:16,1
DA:17,1
DA:18,1
DA:19,1
DA:20,7
DA:21,7
DA:22,7
DA:23,7
DA:24,7
DA:25,1
DA:26,1
DA:27,1
DA:28,1
DA:29,1
DA:30,1
DA:31,1
DA:32,1
DA:33,1
DA:34,1
DA:35,1
DA:36,1
DA:37,1
DA:38,1
DA:39,1
DA:40,1
DA:41,1
DA:42,1
DA:43,1
DA:44,1
DA:45,1
DA:46,1
DA:47,1
DA:48,1
DA:49,1
DA:50,1
DA:51,1
DA:52,1
DA:53,1
DA:54,1
DA:55,1
DA:56,1
DA:57,1
DA:58,1
DA:59,1
DA:60,1
DA:61,1
DA:62,1
DA:63,1
DA:64,1
DA:65,1
DA:66,1
DA:67,1
DA:68,1
DA:69,1
DA:70,1
DA:71,1
LF:71
LH:71
BRDA:5,0,0,7
BRDA:7,1,0,1
BRDA:7,2,0,6
BRDA:19,3,0,7
BRDA:39,4,0,7
BRDA:43,5,0,7
BRDA:52,6,0,7
BRDA:68,7,0,1
BRF:8
BRH:8
end_of_record
TN:
SF:src\components\SideBar\index.tsx
FN:1,Object.<anonymous>
FN:5,get
FN:18,_interopRequireDefault
FN:23,_getRequireWildcardCache
FN:27,_getRequireWildcardCache
FN:30,_interopRequireWildcard
FN:54,SideBar
FNF:7
FNH:7
FNDA:1,Object.<anonymous>
FNDA:5,get
FNDA:1,_interopRequireDefault
FNDA:1,_getRequireWildcardCache
FNDA:1,_getRequireWildcardCache
FNDA:2,_interopRequireWildcard
FNDA:7,SideBar
DA:1,1
DA:2,1
DA:3,1
DA:4,1
DA:5,1
DA:6,1
DA:7,1
DA:8,1
DA:9,1
DA:10,1
DA:11,1
DA:12,1
DA:13,1
DA:14,1
DA:15,1
DA:16,1
DA:17,1
DA:18,1
DA:19,1
DA:20,1
DA:21,1
DA:22,1
DA:23,1
DA:24,1
DA:25,1
DA:26,1
DA:27,1
DA:28,1
DA:29,1
DA:30,1
DA:31,2
DA:32,2
DA:33,2
DA:34,1
DA:35,1
DA:36,2
DA:37,2
DA:38,1
DA:39,2
DA:40,2
DA:41,1
DA:42,1
DA:43,2
DA:44,2
DA:45,35
DA:46,35
DA:47,35
DA:48,35
DA:49,35
DA:50,0
DA:51,35
DA:52,2
DA:53,1
DA:54,1
DA:55,7
DA:56,7
DA:57,2
DA:58,2
DA:59,2
DA:60,1
DA:61,7
DA:62,7
DA:63,7
DA:64,7
DA:65,7
DA:66,7
LF:66
LH:65
BRDA:1,0,0,1
BRDA:1,1,0,1
BRDA:5,2,0,5
BRDA:18,3,0,1
BRDA:19,4,0,0
BRDA:23,5,0,1
BRDA:25,6,0,0
BRDA:27,7,0,1
BRDA:28,8,0,0
BRDA:30,9,0,2
BRDA:34,10,0,1
BRDA:35,11,0,0
BRDA:36,12,0,0
BRDA:37,13,0,1
BRDA:39,14,0,0
BRDA:40,15,0,1
BRDA:44,16,0,35
BRDA:47,17,0,0
BRDA:49,18,0,0
BRDA:52,19,0,1
BRDA:54,20,0,7
BRDA:56,21,0,2
BRDA:59,22,0,1
BRF:23
BRH:15
end_of_record
TN:
SF:src\components\SideBar\styles.ts
FN:1,Object.<anonymous>
FN:3,_export
FN:13,SideBarContainer
FN:14,LogoContainer
FN:15,SideBar
FN:16,SideItem
FN:19,_interopRequireDefault
FNF:7
FNH:7
FNDA:1,Object.<anonymous>
FNDA:1,_export
FNDA:7,SideBarContainer
FNDA:7,LogoContainer
FNDA:6,SideBar
FNDA:18,SideItem
FNDA:1,_interopRequireDefault
DA:1,1
DA:2,1
DA:3,1
DA:4,1
DA:5,1
DA:6,1
DA:7,4
DA:8,4
DA:9,4
DA:10,4
DA:11,4
DA:12,1
DA:13,1
DA:14,1
DA:15,1
DA:16,1
DA:17,1
DA:18,1
DA:19,1
DA:20,1
DA:21,1
DA:22,1
DA:23,1
DA:24,1
DA:25,1
DA:26,1
DA:27,1
DA:28,1
DA:29,1
DA:30,1
DA:31,1
DA:32,1
DA:33,1
DA:34,1
DA:35,1
DA:36,1
DA:37,1
DA:38,1
DA:39,1
DA:40,1
DA:41,1
DA:42,1
DA:43,1
DA:44,1
DA:45,1
DA:46,1
DA:47,1
DA:48,1
DA:49,1
DA:50,1
DA:51,1
LF:51
LH:51
BRDA:1,0,0,1
BRDA:1,1,0,1
BRDA:3,2,0,1
BRDA:6,3,0,4
BRDA:13,4,0,7
BRDA:14,5,0,7
BRDA:15,6,0,6
BRDA:16,7,0,18
BRDA:19,8,0,1
BRDA:25,9,0,0
BRDA:33,10,0,7
BRDA:45,11,0,6
BRF:12
BRH:11
end_of_record
TN:
SF:src\components\TopBar\index.tsx
FN:1,Object.<anonymous>
FN:9,get
FN:13,_getRequireWildcardCache
FN:24,_interopRequireWildcard
FNF:4
FNH:3
FNDA:1,Object.<anonymous>
FNDA:8,get
FNDA:0,_getRequireWildcardCache
FNDA:1,_interopRequireWildcard
DA:1,1
DA:2,1
DA:3,1
DA:4,1
DA:5,1
DA:6,1
DA:7,1
DA:8,1
DA:9,1
DA:10,1
DA:11,1
DA:12,1
DA:13,1
DA:14,0
DA:15,0
DA:16,0
DA:17,0
DA:18,0
DA:19,0
DA:20,0
DA:21,0
DA:22,0
DA:23,0
DA:24,1
DA:25,1
DA:26,1
DA:27,1
DA:28,1
DA:29,0
DA:30,0
DA:31,1
DA:32,0
LF:32
LH:19
BRDA:1,0,0,1
BRDA:1,1,0,1
BRDA:9,2,0,8
BRDA:24,3,0,1
BRDA:28,4,0,0
BRDA:31,5,0,0
BRF:6
BRH:4
end_of_record
TN:
SF:src\components\TopBar\styles.ts
FN:1,Object.<anonymous>
FN:3,_export
FN:10,TopBarContainer
FN:10,Location
FN:11,AuthInfoContainer
FN:14,_interopRequireDefault
FNF:6
FNH:6
FNDA:1,Object.<anonymous>
FNDA:1,_export
FNDA:8,TopBarContainer
FNDA:8,Location
FNDA:8,AuthInfoContainer
FNDA:1,_interopRequireDefault
DA:1,1
DA:2,1
DA:3,1
DA:4,1
DA:5,1
DA:6,1
DA:7,1
DA:8,3
DA:9,1
DA:10,1
DA:11,1
DA:12,1
DA:13,1
DA:14,1
DA:15,1
DA:16,1
DA:17,1
DA:18,1
DA:19,1
DA:20,1
DA:21,1
DA:22,1
DA:23,1
DA:24,1
DA:25,8
DA:26,1
DA:27,1
DA:28,1
DA:29,1
DA:30,1
DA:31,1
DA:32,1
DA:33,1
DA:34,1
DA:35,1
DA:36,1
DA:37,1
DA:38,1
DA:39,1
DA:40,1
DA:41,1
DA:42,1
DA:43,1
DA:44,1
DA:45,1
DA:46,1
DA:47,1
DA:48,1
DA:49,1
DA:50,1
DA:51,1
LF:51
LH:51
BRDA:1,0,0,1
BRDA:1,1,0,1
BRDA:3,2,0,1
BRDA:7,3,0,3
BRDA:10,4,0,8
BRDA:10,5,0,8
BRDA:11,6,0,8
BRDA:14,7,0,1
BRDA:18,8,0,0
BRDA:25,9,0,8
BRF:10
BRH:9
end_of_record
TN:
SF:test\mocks\fileMock.js
FN:1,Object.<anonymous>
FNF:1
FNH:1
FNDA:1,Object.<anonymous>
DA:1,1
LF:1
LH:1
BRDA:1,0,0,1
BRDA:1,1,0,1
BRF:2
BRH:2
end_of_record
